{
  "RSpec": {
    "coverage": {
      "/Users/alexmac/Documents/turing/mod_3/projects/sweater/WhetherToSweater/app/controllers/api/v1/forecast_controller.rb": {
        "lines": [
          1,
          1,
          1,
          1,
          null,
          null
        ]
      },
      "/Users/alexmac/Documents/turing/mod_3/projects/sweater/WhetherToSweater/app/controllers/application_controller.rb": {
        "lines": [
          1,
          null
        ]
      },
      "/Users/alexmac/Documents/turing/mod_3/projects/sweater/WhetherToSweater/app/controllers/api/v1/road_trip_controller.rb": {
        "lines": [
          1,
          1,
          1,
          1,
          1,
          1,
          null,
          0,
          0,
          null,
          null,
          null,
          null,
          1,
          null,
          1,
          3,
          null,
          null
        ]
      },
      "/Users/alexmac/Documents/turing/mod_3/projects/sweater/WhetherToSweater/app/controllers/api/v1/sessions_controller.rb": {
        "lines": [
          1,
          1,
          5,
          5,
          1,
          null,
          4,
          3,
          3,
          3,
          3,
          3,
          3,
          3,
          3,
          3,
          null,
          1,
          null,
          null,
          null,
          null
        ]
      },
      "/Users/alexmac/Documents/turing/mod_3/projects/sweater/WhetherToSweater/app/controllers/api/v1/users_controller.rb": {
        "lines": [
          1,
          1,
          10,
          10,
          9,
          8,
          7,
          7,
          7,
          7,
          null,
          1,
          1,
          null,
          null,
          1,
          1,
          1,
          null,
          null,
          1,
          1,
          1,
          null,
          null,
          null,
          1,
          null,
          1,
          34,
          32,
          32,
          32,
          32,
          32,
          null,
          2,
          2,
          null,
          34,
          null,
          null
        ]
      },
      "/Users/alexmac/Documents/turing/mod_3/projects/sweater/WhetherToSweater/app/models/user.rb": {
        "lines": [
          1,
          1,
          1,
          1,
          null
        ]
      },
      "/Users/alexmac/Documents/turing/mod_3/projects/sweater/WhetherToSweater/app/models/application_record.rb": {
        "lines": [
          1,
          1,
          null
        ]
      },
      "/Users/alexmac/Documents/turing/mod_3/projects/sweater/WhetherToSweater/app/controllers/api/v1/book_search_controller.rb": {
        "lines": [
          1,
          1,
          1,
          null,
          null,
          null
        ]
      },
      "/Users/alexmac/Documents/turing/mod_3/projects/sweater/WhetherToSweater/app/facades/book_search_facade.rb": {
        "lines": [
          1,
          1,
          4,
          null,
          null,
          1,
          2,
          2,
          2,
          null,
          null
        ]
      },
      "/Users/alexmac/Documents/turing/mod_3/projects/sweater/WhetherToSweater/app/facades/forecast_facade.rb": {
        "lines": [
          1,
          null,
          1,
          1,
          1,
          null,
          null,
          1,
          6,
          6,
          null,
          null,
          1,
          1,
          null,
          null,
          null
        ]
      },
      "/Users/alexmac/Documents/turing/mod_3/projects/sweater/WhetherToSweater/app/services/geo_location_service.rb": {
        "lines": [
          1,
          1,
          8,
          8,
          8,
          8,
          null,
          null
        ]
      },
      "/Users/alexmac/Documents/turing/mod_3/projects/sweater/WhetherToSweater/app/services/forecast_service.rb": {
        "lines": [
          1,
          1,
          7,
          7,
          null,
          null
        ]
      },
      "/Users/alexmac/Documents/turing/mod_3/projects/sweater/WhetherToSweater/app/services/book_services.rb": {
        "lines": [
          1,
          null,
          1,
          5,
          5,
          null,
          null
        ]
      },
      "/Users/alexmac/Documents/turing/mod_3/projects/sweater/WhetherToSweater/app/serializers/book_search_serializer.rb": {
        "lines": [
          1,
          1,
          3,
          3,
          3,
          3,
          3,
          3,
          3,
          3,
          3,
          3,
          3,
          null,
          3,
          22,
          22,
          18,
          18,
          48,
          null,
          null,
          4,
          null,
          22,
          22,
          22,
          29,
          null,
          null,
          3,
          null,
          null
        ]
      },
      "/Users/alexmac/Documents/turing/mod_3/projects/sweater/WhetherToSweater/app/serializers/forecast_serializer.rb": {
        "lines": [
          1,
          1,
          1,
          1,
          1,
          null,
          5,
          null,
          null,
          null,
          null,
          null,
          null,
          null,
          5,
          null,
          1,
          1,
          null,
          8,
          null,
          null,
          null,
          null,
          8,
          null,
          null,
          1,
          null,
          null,
          null,
          null,
          null,
          null,
          null,
          null,
          null,
          null,
          null,
          null,
          null,
          null,
          null,
          null,
          null,
          null,
          null,
          null,
          1,
          null,
          null
        ]
      },
      "/Users/alexmac/Documents/turing/mod_3/projects/sweater/WhetherToSweater/app/facades/road_trip_facade.rb": {
        "lines": [
          1,
          null,
          1,
          1,
          1,
          1,
          null,
          0,
          null,
          1,
          null,
          null,
          1,
          1,
          1,
          0,
          null,
          1,
          1,
          1,
          1,
          null,
          null,
          null,
          1,
          0,
          null,
          null,
          1,
          1,
          null,
          null
        ]
      },
      "/Users/alexmac/Documents/turing/mod_3/projects/sweater/WhetherToSweater/app/services/trip_time_services.rb": {
        "lines": [
          1,
          1,
          1,
          1,
          1,
          1,
          1,
          1,
          1,
          0,
          null,
          null,
          null,
          1,
          1,
          null,
          null,
          null
        ]
      },
      "/Users/alexmac/Documents/turing/mod_3/projects/sweater/WhetherToSweater/app/serializers/roadtrip_serializer.rb": {
        "lines": [
          1,
          1,
          1,
          1,
          1,
          1,
          1,
          1,
          1,
          1,
          1,
          1,
          1,
          1,
          null,
          1,
          null,
          null
        ]
      },
      "/Users/alexmac/Documents/turing/mod_3/projects/sweater/WhetherToSweater/app/serializers/user_serializer.rb": {
        "lines": [
          1,
          1,
          null,
          1,
          7,
          7,
          7,
          7,
          7,
          7,
          7,
          7,
          null,
          null,
          null
        ]
      },
      "/Users/alexmac/Documents/turing/mod_3/projects/sweater/WhetherToSweater/app/facades/picture_facade.rb": {
        "lines": [
          1,
          1,
          1,
          1,
          1,
          null,
          null,
          1,
          0,
          0,
          null,
          null
        ]
      },
      "/Users/alexmac/Documents/turing/mod_3/projects/sweater/WhetherToSweater/app/services/picture_services.rb": {
        "lines": [
          1,
          null,
          null,
          null,
          null,
          null,
          null,
          null,
          null,
          null,
          1,
          1,
          1,
          1,
          null,
          null,
          1,
          1,
          1,
          1,
          1,
          null,
          null,
          1,
          1,
          1,
          null,
          null
        ]
      },
      "/Users/alexmac/Documents/turing/mod_3/projects/sweater/WhetherToSweater/app/serializers/picture_serializer.rb": {
        "lines": [
          0,
          0,
          0,
          0,
          0,
          0,
          0,
          0,
          0,
          0,
          0,
          0
        ],
        "branches": {
        }
      },
      "/Users/alexmac/Documents/turing/mod_3/projects/sweater/WhetherToSweater/app/controllers/api/v1/backgrounds_controller.rb": {
        "lines": [
          0,
          0,
          0,
          0,
          0
        ],
        "branches": {
        }
      }
    },
    "timestamp": 1632795859
  }
}
